#
# Memory Access Trace Generated By Pin
#
0x00007f7e2df4e093: W 0x00007ffe6dadc998  8     0x7f7e2df4e098
0x00007f7e2df4eea0: W 0x00007ffe6dadc990  8                  0
0x00007f7e2df4eea4: W 0x00007ffe6dadc988  8                  0
0x00007f7e2df4eea6: W 0x00007ffe6dadc980  8                  0
0x00007f7e2df4eea8: W 0x00007ffe6dadc978  8                  0
0x00007f7e2df4eeaa: W 0x00007ffe6dadc970  8                  0
0x00007f7e2df4eeaf: W 0x00007ffe6dadc968  8                  0
0x00007f7e2df4eebf: R 0x00007f7e2e174e68  8                0xe
0x00007f7e2df4eec6: W 0x00007f7e2e174720  8  0x1fd74dab28a3cf2
0x00007f7e2df4eed7: R 0x00007f7e2e175000  8           0x227e68
0x00007f7e2df4eee1: W 0x00007f7e2e175a00  8     0x7f7e2e174e68
0x00007f7e2df4eee8: W 0x00007f7e2e1759f0  8     0x7f7e2df4d000
0x00007f7e2df4ef4b: W 0x00007f7e2e175aa0  8     0x7f7e2e174e68
0x00007f7e2df4ef53: R 0x00007f7e2e174e78  8                0x4
0x00007f7e2df4ef4b: W 0x00007f7e2e175a50  8     0x7f7e2e174e78
0x00007f7e2df4ef53: R 0x00007f7e2e174e88  8         0x6ffffef5
0x00007f7e2df4f333: W 0x00007f7e2e175c88  8     0x7f7e2e174e88
0x00007f7e2df4ef53: R 0x00007f7e2e174e98  8                0x5
0x00007f7e2df4ef4b: W 0x00007f7e2e175a58  8     0x7f7e2e174e98
0x00007f7e2df4ef53: R 0x00007f7e2e174ea8  8                0x6
0x00007f7e2df4ef4b: W 0x00007f7e2e175a60  8     0x7f7e2e174ea8
0x00007f7e2df4ef53: R 0x00007f7e2e174eb8  8                0xa
0x00007f7e2df4ef4b: W 0x00007f7e2e175a80  8     0x7f7e2e174eb8
0x00007f7e2df4ef53: R 0x00007f7e2e174ec8  8                0xb
0x00007f7e2df4ef4b: W 0x00007f7e2e175a88  8     0x7f7e2e174ec8
0x00007f7e2df4ef53: R 0x00007f7e2e174ed8  8                0x3
0x00007f7e2df4ef4b: W 0x00007f7e2e175a48  8     0x7f7e2e174ed8
0x00007f7e2df4ef53: R 0x00007f7e2e174ee8  8                0x2
0x00007f7e2df4ef4b: W 0x00007f7e2e175a40  8     0x7f7e2e174ee8
0x00007f7e2df4ef53: R 0x00007f7e2e174ef8  8               0x14
0x00007f7e2df4ef4b: W 0x00007f7e2e175ad0  8     0x7f7e2e174ef8
0x00007f7e2df4ef53: R 0x00007f7e2e174f08  8               0x17
0x00007f7e2df4ef4b: W 0x00007f7e2e175ae8  8     0x7f7e2e174f08
0x00007f7e2df4ef53: R 0x00007f7e2e174f18  8                0x7
0x00007f7e2df4ef4b: W 0x00007f7e2e175a68  8     0x7f7e2e174f18
0x00007f7e2df4ef53: R 0x00007f7e2e174f28  8                0x8
0x00007f7e2df4ef4b: W 0x00007f7e2e175a70  8     0x7f7e2e174f28
0x00007f7e2df4ef53: R 0x00007f7e2e174f38  8                0x9
0x00007f7e2df4ef4b: W 0x00007f7e2e175a78  8     0x7f7e2e174f38
0x00007f7e2df4ef53: R 0x00007f7e2e174f48  8         0x6ffffffc
0x00007f7e2df4ef4b: W 0x00007f7e2e175b58  8     0x7f7e2e174f48
0x00007f7e2df4ef53: R 0x00007f7e2e174f58  8         0x6ffffffd
0x00007f7e2df4ef4b: W 0x00007f7e2e175b50  8     0x7f7e2e174f58
0x00007f7e2df4ef53: R 0x00007f7e2e174f68  8         0x6ffffff0
0x00007f7e2df4ef4b: W 0x00007f7e2e175bb8  8     0x7f7e2e174f68
0x00007f7e2df4ef53: R 0x00007f7e2e174f78  8         0x6ffffff9
0x00007f7e2df4ef4b: W 0x00007f7e2e175b70  8     0x7f7e2e174f78
0x00007f7e2df4ef53: R 0x00007f7e2e174f88  8                  0
0x00007f7e2df4ef99: R 0x00007f7e2e175a50  8     0x7f7e2e174e78
0x00007f7e2df4efa5: R 0x00007f7e2e174e80  8              0x1f0
0x00007f7e2df4efa5: W 0x00007f7e2e174e80  8     0x7f7e2df4d1f0
0x00007f7e2df4efa9: R 0x00007f7e2e175a48  8     0x7f7e2e174ed8
0x00007f7e2df4efb5: R 0x00007f7e2e174ee0  8           0x228000
0x00007f7e2df4efb5: W 0x00007f7e2e174ee0  8     0x7f7e2e175000
0x00007f7e2df4efb9: R 0x00007f7e2e175a58  8     0x7f7e2e174e98
0x00007f7e2df4efc5: R 0x00007f7e2e174ea0  8              0x6f0
0x00007f7e2df4efc5: W 0x00007f7e2e174ea0  8     0x7f7e2df4d6f0
0x00007f7e2df4efc9: R 0x00007f7e2e175a60  8     0x7f7e2e174ea8
0x00007f7e2df4efd5: R 0x00007f7e2e174eb0  8              0x3c0
0x00007f7e2df4efd5: W 0x00007f7e2e174eb0  8     0x7f7e2df4d3c0
0x00007f7e2df4efd9: R 0x00007f7e2e175a68  8     0x7f7e2e174f18
0x00007f7e2df4efe5: R 0x00007f7e2e174f20  8              0xa00
0x00007f7e2df4efe5: W 0x00007f7e2e174f20  8     0x7f7e2df4da00
0x00007f7e2df4efe9: R 0x00007f7e2e175ae8  8     0x7f7e2e174f08
0x00007f7e2df4eff5: R 0x00007f7e2e174f10  8              0xdd8
0x00007f7e2df4eff5: W 0x00007f7e2e174f10  8     0x7f7e2df4ddd8
0x00007f7e2df4eff9: R 0x00007f7e2e175bb8  8     0x7f7e2e174f68
0x00007f7e2df4f005: R 0x00007f7e2e174f70  8              0x914
0x00007f7e2df4f005: W 0x00007f7e2e174f70  8     0x7f7e2df4d914
0x00007f7e2df4f009: R 0x00007f7e2e175c88  8     0x7f7e2e174e88
0x00007f7e2df4f015: R 0x00007f7e2e174e90  8              0x2c8
0x00007f7e2df4f015: W 0x00007f7e2e174e90  8     0x7f7e2df4d2c8
0x00007f7e2df4f019: R 0x00007f7e2e175ad0  8     0x7f7e2e174ef8
0x00007f7e2df4f025: R 0x00007f7e2e174f00  8                0x7
0x00007f7e2df4f030: R 0x00007f7e2e175a68  8     0x7f7e2e174f18
0x00007f7e2df4f03c: R 0x00007f7e2e175a78  8     0x7f7e2e174f38
0x00007f7e2df4f043: R 0x00007f7e2e174f40  8               0x18
0x00007f7e2df4f04e: R 0x00007f7e2e175b60  8                  0
0x00007f7e2df4f068: R 0x00007f7e2e175b20  8                  0
0x00007f7e2df4f082: R 0x00007f7e2e175b18  8                  0
0x00007f7e2df4f090: R 0x00007f7e2e175aa8  8                  0
0x00007f7e2df4f169: R 0x00007f7e2e174f20  8     0x7f7e2df4da00
0x00007f7e2df4f16d: R 0x00007f7e2e175a70  8     0x7f7e2e174f28
0x00007f7e2df4f174: R 0x00007f7e2e175b70  8     0x7f7e2e174f78
0x00007f7e2df4f17b: R 0x00007f7e2e174f30  8              0x3d8
0x00007f7e2df4f18e: R 0x00007f7e2e174f80  8               0x27
0x00007f7e2df4f19f: R 0x00007f7e2e175ae8  8     0x7f7e2e174f08
0x00007f7e2df4f1a6: R 0x00007f7e2e175a40  8     0x7f7e2e174ee8
0x00007f7e2df4f1ad: R 0x00007f7e2e174f10  8     0x7f7e2df4ddd8
0x00007f7e2df4f1b1: R 0x00007f7e2e174ef0  8               0xa8
0x00007f7e2df4f1cc: R 0x00007f7e2e175a60  8     0x7f7e2e174ea8
0x00007f7e2df4f1d6: R 0x00007f7e2e174eb0  8     0x7f7e2df4d3c0
0x00007f7e2df4f1e0: R 0x00007f7e2df4da00  8           0x2278c8
0x00007f7e2df4f1e6: R 0x00007f7e2df4da08  4                0x8
0x00007f7e2df4f1f0: R 0x00007f7e2df4da10  8            0x11500
0x00007f7e2df4f1fe: W 0x00007f7e2e1748c8  8     0x7f7e2df5e500
0x00007f7e2df4f1e0: R 0x00007f7e2df4da18  8           0x2278d0
